  main.cpp
E:\code\cpp1\face_detection\main.cpp(26,93): warning C4244: “参数”: 从“double”转换到“_Tp”，可能丢失数据
          with
          [
              _Tp=int
          ]
E:\code\cpp1\face_detection\main.cpp(26,60): warning C4244: “参数”: 从“double”转换到“_Tp”，可能丢失数据
          with
          [
              _Tp=int
          ]
E:\code\cpp1\face_detection\main.cpp(37,69): warning C4244: “参数”: 从“double”转换到“_Tp”，可能丢失数据
          with
          [
              _Tp=int
          ]
E:\code\cpp1\face_detection\main.cpp(37,42): warning C4244: “参数”: 从“double”转换到“_Tp”，可能丢失数据
          with
          [
              _Tp=int
          ]
  face_detection.vcxproj -> E:\code\cpp1\cv1\x64\Debug\face_detection.exe
